{"/Users/lucasaraujo/Documents/wirecard_challenge/src/prisma.ts": {"path":"/Users/lucasaraujo/Documents/wirecard_challenge/src/prisma.ts","all":false,"statementMap":{"0":{"start":{"line":1,"column":0},"end":{"line":1,"column":46}},"1":{"start":{"line":2,"column":0},"end":{"line":2,"column":0}},"2":{"start":{"line":3,"column":0},"end":{"line":3,"column":34}},"3":{"start":{"line":4,"column":0},"end":{"line":4,"column":0}},"4":{"start":{"line":5,"column":0},"end":{"line":5,"column":22}}},"s":{"0":1,"1":1,"2":1,"3":1,"4":1},"branchMap":{},"b":{},"fnMap":{},"f":{}}
,"/Users/lucasaraujo/Documents/wirecard_challenge/src/routes.ts": {"path":"/Users/lucasaraujo/Documents/wirecard_challenge/src/routes.ts","all":false,"statementMap":{"0":{"start":{"line":1,"column":0},"end":{"line":1,"column":30}},"1":{"start":{"line":2,"column":0},"end":{"line":2,"column":68}},"2":{"start":{"line":3,"column":0},"end":{"line":3,"column":62}},"3":{"start":{"line":4,"column":0},"end":{"line":4,"column":64}},"4":{"start":{"line":5,"column":0},"end":{"line":5,"column":0}},"5":{"start":{"line":6,"column":0},"end":{"line":6,"column":32}},"6":{"start":{"line":7,"column":0},"end":{"line":7,"column":0}},"7":{"start":{"line":8,"column":0},"end":{"line":8,"column":64}},"8":{"start":{"line":9,"column":0},"end":{"line":9,"column":55}},"9":{"start":{"line":10,"column":0},"end":{"line":10,"column":58}},"10":{"start":{"line":11,"column":0},"end":{"line":11,"column":0}},"11":{"start":{"line":12,"column":0},"end":{"line":12,"column":8}},"12":{"start":{"line":13,"column":0},"end":{"line":13,"column":11}},"13":{"start":{"line":14,"column":0},"end":{"line":14,"column":1}}},"s":{"0":1,"1":1,"2":1,"3":1,"4":1,"5":1,"6":1,"7":1,"8":1,"9":1,"10":1,"11":1,"12":1,"13":1},"branchMap":{},"b":{},"fnMap":{},"f":{}}
,"/Users/lucasaraujo/Documents/wirecard_challenge/src/server.ts": {"path":"/Users/lucasaraujo/Documents/wirecard_challenge/src/server.ts","all":false,"statementMap":{"0":{"start":{"line":1,"column":0},"end":{"line":1,"column":30}},"1":{"start":{"line":2,"column":0},"end":{"line":2,"column":34}},"2":{"start":{"line":3,"column":0},"end":{"line":3,"column":0}},"3":{"start":{"line":4,"column":0},"end":{"line":4,"column":22}},"4":{"start":{"line":5,"column":0},"end":{"line":5,"column":0}},"5":{"start":{"line":6,"column":0},"end":{"line":6,"column":24}},"6":{"start":{"line":7,"column":0},"end":{"line":7,"column":0}},"7":{"start":{"line":8,"column":0},"end":{"line":8,"column":16}},"8":{"start":{"line":9,"column":0},"end":{"line":9,"column":0}},"9":{"start":{"line":10,"column":0},"end":{"line":10,"column":27}},"10":{"start":{"line":11,"column":0},"end":{"line":11,"column":53}},"11":{"start":{"line":12,"column":0},"end":{"line":12,"column":6}},"12":{"start":{"line":13,"column":0},"end":{"line":13,"column":0}},"13":{"start":{"line":14,"column":0},"end":{"line":14,"column":19}}},"s":{"0":1,"1":1,"2":1,"3":1,"4":1,"5":1,"6":1,"7":1,"8":1,"9":1,"10":1,"11":1,"12":1,"13":1},"branchMap":{},"b":{},"fnMap":{},"f":{}}
,"/Users/lucasaraujo/Documents/wirecard_challenge/src/controllers/buyerController.ts": {"path":"/Users/lucasaraujo/Documents/wirecard_challenge/src/controllers/buyerController.ts","all":false,"statementMap":{"0":{"start":{"line":1,"column":0},"end":{"line":1,"column":43}},"1":{"start":{"line":2,"column":0},"end":{"line":2,"column":56}},"2":{"start":{"line":3,"column":0},"end":{"line":3,"column":41}},"3":{"start":{"line":4,"column":0},"end":{"line":4,"column":0}},"4":{"start":{"line":5,"column":0},"end":{"line":5,"column":32}},"5":{"start":{"line":6,"column":0},"end":{"line":6,"column":56}},"6":{"start":{"line":7,"column":0},"end":{"line":7,"column":13}},"7":{"start":{"line":8,"column":0},"end":{"line":8,"column":50}},"8":{"start":{"line":9,"column":0},"end":{"line":9,"column":0}},"9":{"start":{"line":10,"column":0},"end":{"line":10,"column":35}},"10":{"start":{"line":11,"column":0},"end":{"line":11,"column":74}},"11":{"start":{"line":12,"column":0},"end":{"line":12,"column":13}},"12":{"start":{"line":13,"column":0},"end":{"line":13,"column":0}},"13":{"start":{"line":14,"column":0},"end":{"line":14,"column":75}},"14":{"start":{"line":15,"column":0},"end":{"line":15,"column":0}},"15":{"start":{"line":16,"column":0},"end":{"line":16,"column":51}},"16":{"start":{"line":17,"column":0},"end":{"line":17,"column":22}},"17":{"start":{"line":18,"column":0},"end":{"line":18,"column":38}},"18":{"start":{"line":19,"column":0},"end":{"line":19,"column":66}},"19":{"start":{"line":20,"column":0},"end":{"line":20,"column":13}},"20":{"start":{"line":21,"column":0},"end":{"line":21,"column":9}},"21":{"start":{"line":22,"column":0},"end":{"line":22,"column":5}},"22":{"start":{"line":23,"column":0},"end":{"line":23,"column":1}}},"s":{"0":1,"1":1,"2":1,"3":1,"4":1,"5":1,"6":1,"7":1,"8":1,"9":1,"10":0,"11":0,"12":1,"13":1,"14":1,"15":1,"16":1,"17":0,"18":0,"19":0,"20":0,"21":1,"22":1},"branchMap":{"0":{"type":"branch","line":6,"loc":{"start":{"line":6,"column":17},"end":{"line":22,"column":5}},"locations":[{"start":{"line":6,"column":17},"end":{"line":22,"column":5}}]},"1":{"type":"branch","line":6,"loc":{"start":{"line":6,"column":54},"end":{"line":22,"column":5}},"locations":[{"start":{"line":6,"column":54},"end":{"line":22,"column":5}}]},"2":{"type":"branch","line":10,"loc":{"start":{"line":10,"column":34},"end":{"line":12,"column":13}},"locations":[{"start":{"line":10,"column":34},"end":{"line":12,"column":13}}]},"3":{"type":"branch","line":17,"loc":{"start":{"line":17,"column":10},"end":{"line":21,"column":9}},"locations":[{"start":{"line":17,"column":10},"end":{"line":21,"column":9}}]}},"b":{"0":[1],"1":[1],"2":[0],"3":[0]},"fnMap":{"0":{"name":"createBuyer","decl":{"start":{"line":6,"column":17},"end":{"line":22,"column":5}},"loc":{"start":{"line":6,"column":17},"end":{"line":22,"column":5}},"line":6}},"f":{"0":1}}
,"/Users/lucasaraujo/Documents/wirecard_challenge/src/controllers/cardController.ts": {"path":"/Users/lucasaraujo/Documents/wirecard_challenge/src/controllers/cardController.ts","all":false,"statementMap":{"0":{"start":{"line":1,"column":0},"end":{"line":1,"column":43}},"1":{"start":{"line":2,"column":0},"end":{"line":2,"column":40}},"2":{"start":{"line":3,"column":0},"end":{"line":3,"column":54}},"3":{"start":{"line":4,"column":0},"end":{"line":4,"column":46}},"4":{"start":{"line":5,"column":0},"end":{"line":5,"column":0}},"5":{"start":{"line":6,"column":0},"end":{"line":6,"column":31}},"6":{"start":{"line":7,"column":0},"end":{"line":7,"column":55}},"7":{"start":{"line":8,"column":0},"end":{"line":8,"column":13}},"8":{"start":{"line":9,"column":0},"end":{"line":9,"column":77}},"9":{"start":{"line":10,"column":0},"end":{"line":10,"column":0}},"10":{"start":{"line":11,"column":0},"end":{"line":11,"column":65}},"11":{"start":{"line":12,"column":0},"end":{"line":12,"column":57}},"12":{"start":{"line":13,"column":0},"end":{"line":13,"column":0}},"13":{"start":{"line":14,"column":0},"end":{"line":14,"column":46}},"14":{"start":{"line":15,"column":0},"end":{"line":15,"column":37}},"15":{"start":{"line":16,"column":0},"end":{"line":16,"column":0}},"16":{"start":{"line":17,"column":0},"end":{"line":17,"column":36}},"17":{"start":{"line":18,"column":0},"end":{"line":18,"column":84}},"18":{"start":{"line":19,"column":0},"end":{"line":19,"column":13}},"19":{"start":{"line":20,"column":0},"end":{"line":20,"column":0}},"20":{"start":{"line":21,"column":0},"end":{"line":21,"column":99}},"21":{"start":{"line":22,"column":0},"end":{"line":22,"column":0}},"22":{"start":{"line":23,"column":0},"end":{"line":23,"column":71}},"23":{"start":{"line":24,"column":0},"end":{"line":24,"column":23}},"24":{"start":{"line":25,"column":0},"end":{"line":25,"column":38}},"25":{"start":{"line":26,"column":0},"end":{"line":26,"column":66}},"26":{"start":{"line":27,"column":0},"end":{"line":27,"column":13}},"27":{"start":{"line":28,"column":0},"end":{"line":28,"column":9}},"28":{"start":{"line":29,"column":0},"end":{"line":29,"column":5}},"29":{"start":{"line":30,"column":0},"end":{"line":30,"column":1}}},"s":{"0":1,"1":1,"2":1,"3":1,"4":1,"5":1,"6":1,"7":1,"8":1,"9":1,"10":1,"11":1,"12":1,"13":1,"14":1,"15":1,"16":1,"17":0,"18":0,"19":1,"20":1,"21":1,"22":1,"23":1,"24":0,"25":0,"26":0,"27":0,"28":1,"29":1},"branchMap":{"0":{"type":"branch","line":7,"loc":{"start":{"line":7,"column":16},"end":{"line":29,"column":5}},"locations":[{"start":{"line":7,"column":16},"end":{"line":29,"column":5}}]},"1":{"type":"branch","line":7,"loc":{"start":{"line":7,"column":53},"end":{"line":29,"column":5}},"locations":[{"start":{"line":7,"column":53},"end":{"line":29,"column":5}}]},"2":{"type":"branch","line":17,"loc":{"start":{"line":17,"column":35},"end":{"line":19,"column":13}},"locations":[{"start":{"line":17,"column":35},"end":{"line":19,"column":13}}]},"3":{"type":"branch","line":24,"loc":{"start":{"line":24,"column":10},"end":{"line":28,"column":9}},"locations":[{"start":{"line":24,"column":10},"end":{"line":28,"column":9}}]}},"b":{"0":[1],"1":[1],"2":[0],"3":[0]},"fnMap":{"0":{"name":"createCard","decl":{"start":{"line":7,"column":16},"end":{"line":29,"column":5}},"loc":{"start":{"line":7,"column":16},"end":{"line":29,"column":5}},"line":7}},"f":{"0":1}}
,"/Users/lucasaraujo/Documents/wirecard_challenge/src/controllers/paymentController.ts": {"path":"/Users/lucasaraujo/Documents/wirecard_challenge/src/controllers/paymentController.ts","all":false,"statementMap":{"0":{"start":{"line":1,"column":0},"end":{"line":1,"column":43}},"1":{"start":{"line":2,"column":0},"end":{"line":2,"column":59}},"2":{"start":{"line":3,"column":0},"end":{"line":3,"column":0}},"3":{"start":{"line":4,"column":0},"end":{"line":4,"column":34}},"4":{"start":{"line":5,"column":0},"end":{"line":5,"column":58}},"5":{"start":{"line":6,"column":0},"end":{"line":6,"column":50}},"6":{"start":{"line":7,"column":0},"end":{"line":7,"column":0}},"7":{"start":{"line":8,"column":0},"end":{"line":8,"column":31}},"8":{"start":{"line":9,"column":0},"end":{"line":9,"column":83}},"9":{"start":{"line":10,"column":0},"end":{"line":10,"column":8}},"10":{"start":{"line":11,"column":0},"end":{"line":11,"column":59}},"11":{"start":{"line":12,"column":0},"end":{"line":12,"column":9}},"12":{"start":{"line":13,"column":0},"end":{"line":13,"column":0}},"13":{"start":{"line":14,"column":0},"end":{"line":14,"column":85}},"14":{"start":{"line":15,"column":0},"end":{"line":15,"column":0}},"15":{"start":{"line":16,"column":0},"end":{"line":16,"column":52}},"16":{"start":{"line":17,"column":0},"end":{"line":17,"column":5}},"17":{"start":{"line":18,"column":0},"end":{"line":18,"column":1}}},"s":{"0":1,"1":1,"2":1,"3":1,"4":1,"5":1,"6":1,"7":1,"8":0,"9":0,"10":0,"11":0,"12":1,"13":1,"14":1,"15":1,"16":1,"17":1},"branchMap":{"0":{"type":"branch","line":5,"loc":{"start":{"line":5,"column":19},"end":{"line":17,"column":5}},"locations":[{"start":{"line":5,"column":19},"end":{"line":17,"column":5}}]},"1":{"type":"branch","line":5,"loc":{"start":{"line":5,"column":56},"end":{"line":17,"column":5}},"locations":[{"start":{"line":5,"column":56},"end":{"line":17,"column":5}}]},"2":{"type":"branch","line":8,"loc":{"start":{"line":8,"column":30},"end":{"line":12,"column":9}},"locations":[{"start":{"line":8,"column":30},"end":{"line":12,"column":9}}]}},"b":{"0":[1],"1":[1],"2":[0]},"fnMap":{"0":{"name":"createPayment","decl":{"start":{"line":5,"column":19},"end":{"line":17,"column":5}},"loc":{"start":{"line":5,"column":19},"end":{"line":17,"column":5}},"line":5}},"f":{"0":1}}
,"/Users/lucasaraujo/Documents/wirecard_challenge/src/services/buyerService.ts": {"path":"/Users/lucasaraujo/Documents/wirecard_challenge/src/services/buyerService.ts","all":false,"statementMap":{"0":{"start":{"line":1,"column":0},"end":{"line":1,"column":30}},"1":{"start":{"line":2,"column":0},"end":{"line":2,"column":0}},"2":{"start":{"line":3,"column":0},"end":{"line":3,"column":29}},"3":{"start":{"line":4,"column":0},"end":{"line":4,"column":69}},"4":{"start":{"line":5,"column":0},"end":{"line":5,"column":49}},"5":{"start":{"line":6,"column":0},"end":{"line":6,"column":19}},"6":{"start":{"line":7,"column":0},"end":{"line":7,"column":21}},"7":{"start":{"line":8,"column":0},"end":{"line":8,"column":22}},"8":{"start":{"line":9,"column":0},"end":{"line":9,"column":19}},"9":{"start":{"line":10,"column":0},"end":{"line":10,"column":13}},"10":{"start":{"line":11,"column":0},"end":{"line":11,"column":11}},"11":{"start":{"line":12,"column":0},"end":{"line":12,"column":0}},"12":{"start":{"line":13,"column":0},"end":{"line":13,"column":21}},"13":{"start":{"line":14,"column":0},"end":{"line":14,"column":5}},"14":{"start":{"line":15,"column":0},"end":{"line":15,"column":1}}},"s":{"0":1,"1":1,"2":1,"3":1,"4":1,"5":1,"6":1,"7":1,"8":1,"9":1,"10":1,"11":1,"12":1,"13":1,"14":1},"branchMap":{"0":{"type":"branch","line":4,"loc":{"start":{"line":4,"column":17},"end":{"line":14,"column":5}},"locations":[{"start":{"line":4,"column":17},"end":{"line":14,"column":5}}]},"1":{"type":"branch","line":4,"loc":{"start":{"line":4,"column":67},"end":{"line":14,"column":5}},"locations":[{"start":{"line":4,"column":67},"end":{"line":14,"column":5}}]}},"b":{"0":[1],"1":[1]},"fnMap":{"0":{"name":"createBuyer","decl":{"start":{"line":4,"column":17},"end":{"line":14,"column":5}},"loc":{"start":{"line":4,"column":17},"end":{"line":14,"column":5}},"line":4}},"f":{"0":1}}
,"/Users/lucasaraujo/Documents/wirecard_challenge/src/services/cardService.ts": {"path":"/Users/lucasaraujo/Documents/wirecard_challenge/src/services/cardService.ts","all":false,"statementMap":{"0":{"start":{"line":1,"column":0},"end":{"line":1,"column":30}},"1":{"start":{"line":2,"column":0},"end":{"line":2,"column":0}},"2":{"start":{"line":3,"column":0},"end":{"line":3,"column":28}},"3":{"start":{"line":4,"column":0},"end":{"line":4,"column":103}},"4":{"start":{"line":5,"column":0},"end":{"line":5,"column":47}},"5":{"start":{"line":6,"column":0},"end":{"line":6,"column":19}},"6":{"start":{"line":7,"column":0},"end":{"line":7,"column":27}},"7":{"start":{"line":8,"column":0},"end":{"line":8,"column":27}},"8":{"start":{"line":9,"column":0},"end":{"line":9,"column":31}},"9":{"start":{"line":10,"column":0},"end":{"line":10,"column":19}},"10":{"start":{"line":11,"column":0},"end":{"line":11,"column":13}},"11":{"start":{"line":12,"column":0},"end":{"line":12,"column":10}},"12":{"start":{"line":13,"column":0},"end":{"line":13,"column":0}},"13":{"start":{"line":14,"column":0},"end":{"line":14,"column":20}},"14":{"start":{"line":15,"column":0},"end":{"line":15,"column":6}},"15":{"start":{"line":16,"column":0},"end":{"line":16,"column":1}}},"s":{"0":1,"1":1,"2":1,"3":1,"4":1,"5":1,"6":1,"7":1,"8":1,"9":1,"10":1,"11":1,"12":1,"13":1,"14":1,"15":1},"branchMap":{"0":{"type":"branch","line":4,"loc":{"start":{"line":4,"column":16},"end":{"line":15,"column":6}},"locations":[{"start":{"line":4,"column":16},"end":{"line":15,"column":6}}]},"1":{"type":"branch","line":4,"loc":{"start":{"line":4,"column":101},"end":{"line":15,"column":5}},"locations":[{"start":{"line":4,"column":101},"end":{"line":15,"column":5}}]}},"b":{"0":[1],"1":[1]},"fnMap":{"0":{"name":"createCard","decl":{"start":{"line":4,"column":16},"end":{"line":15,"column":6}},"loc":{"start":{"line":4,"column":16},"end":{"line":15,"column":6}},"line":4}},"f":{"0":1}}
,"/Users/lucasaraujo/Documents/wirecard_challenge/src/services/paymentService.ts": {"path":"/Users/lucasaraujo/Documents/wirecard_challenge/src/services/paymentService.ts","all":false,"statementMap":{"0":{"start":{"line":1,"column":0},"end":{"line":1,"column":30}},"1":{"start":{"line":2,"column":0},"end":{"line":2,"column":0}},"2":{"start":{"line":3,"column":0},"end":{"line":3,"column":31}},"3":{"start":{"line":4,"column":0},"end":{"line":4,"column":76}},"4":{"start":{"line":5,"column":0},"end":{"line":5,"column":53}},"5":{"start":{"line":6,"column":0},"end":{"line":6,"column":19}},"6":{"start":{"line":7,"column":0},"end":{"line":7,"column":23}},"7":{"start":{"line":8,"column":0},"end":{"line":8,"column":21}},"8":{"start":{"line":9,"column":0},"end":{"line":9,"column":22}},"9":{"start":{"line":10,"column":0},"end":{"line":10,"column":13}},"10":{"start":{"line":11,"column":0},"end":{"line":11,"column":11}},"11":{"start":{"line":12,"column":0},"end":{"line":12,"column":0}},"12":{"start":{"line":13,"column":0},"end":{"line":13,"column":23}},"13":{"start":{"line":14,"column":0},"end":{"line":14,"column":5}},"14":{"start":{"line":15,"column":0},"end":{"line":15,"column":1}}},"s":{"0":1,"1":1,"2":1,"3":1,"4":1,"5":1,"6":1,"7":1,"8":1,"9":1,"10":1,"11":1,"12":1,"13":1,"14":1},"branchMap":{"0":{"type":"branch","line":4,"loc":{"start":{"line":4,"column":19},"end":{"line":14,"column":5}},"locations":[{"start":{"line":4,"column":19},"end":{"line":14,"column":5}}]},"1":{"type":"branch","line":4,"loc":{"start":{"line":4,"column":74},"end":{"line":14,"column":5}},"locations":[{"start":{"line":4,"column":74},"end":{"line":14,"column":5}}]}},"b":{"0":[1],"1":[1]},"fnMap":{"0":{"name":"createPayment","decl":{"start":{"line":4,"column":19},"end":{"line":14,"column":5}},"loc":{"start":{"line":4,"column":19},"end":{"line":14,"column":5}},"line":4}},"f":{"0":1}}
}
